<?xml version="1.0" encoding="UTF-8"?>
<testng-results skipped="1" failed="0" ignored="0" total="1" passed="0">
  <reporter-output>
  </reporter-output>
  <suite name="Default suite" duration-ms="99" started-at="2020-09-20T12:13:59 IST" finished-at="2020-09-20T12:13:59 IST">
    <groups>
    </groups>
    <test name="Default test" duration-ms="99" started-at="2020-09-20T12:13:59 IST" finished-at="2020-09-20T12:13:59 IST">
      <class name="com.edu.techfantasy.appiumExample.SettingsTest">
        <test-method status="FAIL" signature="init()[pri:0, instance:com.edu.techfantasy.appiumExample.SettingsTest@757942a1]" name="init" is-config="true" duration-ms="7445" started-at="2020-09-20T12:13:51 IST" finished-at="2020-09-20T12:13:59 IST">
          <exception class="java.lang.IllegalArgumentException">
            <message>
              <![CDATA[Can not set final java.util.List field io.appium.java_client.service.local.ListOutputStream.streams to io.appium.java_client.service.local.AppiumDriverLocalService]]>
            </message>
            <full-stacktrace>
              <![CDATA[java.lang.IllegalArgumentException: Can not set final java.util.List field io.appium.java_client.service.local.ListOutputStream.streams to io.appium.java_client.service.local.AppiumDriverLocalService
at sun.reflect.UnsafeFieldAccessorImpl.throwSetIllegalArgumentException(UnsafeFieldAccessorImpl.java:167)
at sun.reflect.UnsafeFieldAccessorImpl.throwSetIllegalArgumentException(UnsafeFieldAccessorImpl.java:171)
at sun.reflect.UnsafeFieldAccessorImpl.ensureObj(UnsafeFieldAccessorImpl.java:58)
at sun.reflect.UnsafeQualifiedObjectFieldAccessorImpl.get(UnsafeQualifiedObjectFieldAccessorImpl.java:38)
at java.lang.reflect.Field.get(Field.java:393)
at com.edu.techfantasy.appiumExample.base.AppiumService.startServer(AppiumService.java:42)
at com.edu.techfantasy.appiumExample.base.BaseScript.init(BaseScript.java:23)
at sun.reflect.NativeMethodAccessorImpl.invoke0(Native Method)
at sun.reflect.NativeMethodAccessorImpl.invoke(NativeMethodAccessorImpl.java:62)
at sun.reflect.DelegatingMethodAccessorImpl.invoke(DelegatingMethodAccessorImpl.java:43)
at java.lang.reflect.Method.invoke(Method.java:498)
at org.testng.internal.MethodInvocationHelper.invokeMethod(MethodInvocationHelper.java:134)
at org.testng.internal.MethodInvocationHelper.invokeMethodConsideringTimeout(MethodInvocationHelper.java:63)
at org.testng.internal.ConfigInvoker.invokeConfigurationMethod(ConfigInvoker.java:348)
at org.testng.internal.ConfigInvoker.invokeConfigurations(ConfigInvoker.java:302)
at org.testng.SuiteRunner.privateRun(SuiteRunner.java:327)
at org.testng.SuiteRunner.run(SuiteRunner.java:286)
at org.testng.SuiteRunnerWorker.runSuite(SuiteRunnerWorker.java:53)
at org.testng.SuiteRunnerWorker.run(SuiteRunnerWorker.java:96)
at org.testng.TestNG.runSuitesSequentially(TestNG.java:1187)
at org.testng.TestNG.runSuitesLocally(TestNG.java:1109)
at org.testng.TestNG.runSuites(TestNG.java:1039)
at org.testng.TestNG.run(TestNG.java:1007)
at org.testng.remote.AbstractRemoteTestNG.run(AbstractRemoteTestNG.java:115)
at org.testng.remote.RemoteTestNG.initAndRun(RemoteTestNG.java:251)
at org.testng.remote.RemoteTestNG.main(RemoteTestNG.java:77)
]]>
            </full-stacktrace>
          </exception> <!-- java.lang.IllegalArgumentException -->
          <reporter-output>
          </reporter-output>
        </test-method> <!-- init -->
        <test-method status="SKIP" signature="launchApplication()[pri:0, instance:com.edu.techfantasy.appiumExample.SettingsTest@757942a1]" name="launchApplication" is-config="true" duration-ms="-1600584239233" started-at="2020-09-20T12:13:59 IST" finished-at="1970-01-01T05:30:00 IST">
          <reporter-output>
          </reporter-output>
        </test-method> <!-- launchApplication -->
        <test-method status="SKIP" signature="settingTestOnData()[pri:0, instance:com.edu.techfantasy.appiumExample.SettingsTest@757942a1]" name="settingTestOnData" duration-ms="1" started-at="2020-09-20T12:13:59 IST" finished-at="2020-09-20T12:13:59 IST">
          <exception class="java.lang.IllegalArgumentException">
            <message>
              <![CDATA[Can not set final java.util.List field io.appium.java_client.service.local.ListOutputStream.streams to io.appium.java_client.service.local.AppiumDriverLocalService]]>
            </message>
            <full-stacktrace>
              <![CDATA[java.lang.IllegalArgumentException: Can not set final java.util.List field io.appium.java_client.service.local.ListOutputStream.streams to io.appium.java_client.service.local.AppiumDriverLocalService
at sun.reflect.UnsafeFieldAccessorImpl.throwSetIllegalArgumentException(UnsafeFieldAccessorImpl.java:167)
at sun.reflect.UnsafeFieldAccessorImpl.throwSetIllegalArgumentException(UnsafeFieldAccessorImpl.java:171)
at sun.reflect.UnsafeFieldAccessorImpl.ensureObj(UnsafeFieldAccessorImpl.java:58)
at sun.reflect.UnsafeQualifiedObjectFieldAccessorImpl.get(UnsafeQualifiedObjectFieldAccessorImpl.java:38)
at java.lang.reflect.Field.get(Field.java:393)
at com.edu.techfantasy.appiumExample.base.AppiumService.startServer(AppiumService.java:42)
at com.edu.techfantasy.appiumExample.base.BaseScript.init(BaseScript.java:23)
at sun.reflect.NativeMethodAccessorImpl.invoke0(Native Method)
at sun.reflect.NativeMethodAccessorImpl.invoke(NativeMethodAccessorImpl.java:62)
at sun.reflect.DelegatingMethodAccessorImpl.invoke(DelegatingMethodAccessorImpl.java:43)
at java.lang.reflect.Method.invoke(Method.java:498)
at org.testng.internal.MethodInvocationHelper.invokeMethod(MethodInvocationHelper.java:134)
at org.testng.internal.MethodInvocationHelper.invokeMethodConsideringTimeout(MethodInvocationHelper.java:63)
at org.testng.internal.ConfigInvoker.invokeConfigurationMethod(ConfigInvoker.java:348)
at org.testng.internal.ConfigInvoker.invokeConfigurations(ConfigInvoker.java:302)
at org.testng.SuiteRunner.privateRun(SuiteRunner.java:327)
at org.testng.SuiteRunner.run(SuiteRunner.java:286)
at org.testng.SuiteRunnerWorker.runSuite(SuiteRunnerWorker.java:53)
at org.testng.SuiteRunnerWorker.run(SuiteRunnerWorker.java:96)
at org.testng.TestNG.runSuitesSequentially(TestNG.java:1187)
at org.testng.TestNG.runSuitesLocally(TestNG.java:1109)
at org.testng.TestNG.runSuites(TestNG.java:1039)
at org.testng.TestNG.run(TestNG.java:1007)
at org.testng.remote.AbstractRemoteTestNG.run(AbstractRemoteTestNG.java:115)
at org.testng.remote.RemoteTestNG.initAndRun(RemoteTestNG.java:251)
at org.testng.remote.RemoteTestNG.main(RemoteTestNG.java:77)
]]>
            </full-stacktrace>
          </exception> <!-- java.lang.IllegalArgumentException -->
          <reporter-output>
          </reporter-output>
        </test-method> <!-- settingTestOnData -->
        <test-method status="SKIP" signature="tearDown()[pri:0, instance:com.edu.techfantasy.appiumExample.SettingsTest@757942a1]" name="tearDown" is-config="true" duration-ms="-1600584239377" started-at="2020-09-20T12:13:59 IST" finished-at="1970-01-01T05:30:00 IST">
          <reporter-output>
          </reporter-output>
        </test-method> <!-- tearDown -->
      </class> <!-- com.edu.techfantasy.appiumExample.SettingsTest -->
    </test> <!-- Default test -->
  </suite> <!-- Default suite -->
</testng-results>
