<?xml version="1.0" encoding="UTF-8"?>
<!-- Generated by org.testng.reporters.JUnitXMLReporter -->
<testsuite hostname="DESKTOP-1SG68K1" ignored="0" name="Default test" tests="1" failures="0" timestamp="2020-09-20T12:13:59 IST" time="0.099" errors="0">
  <testcase name="@BeforeSuite init" time="7.445" classname="com.edu.techfantasy.appiumExample.base.BaseScript">
    <failure type="java.lang.IllegalArgumentException" message="Can not set final java.util.List field io.appium.java_client.service.local.ListOutputStream.streams to io.appium.java_client.service.local.AppiumDriverLocalService">
      <![CDATA[java.lang.IllegalArgumentException: Can not set final java.util.List field io.appium.java_client.service.local.ListOutputStream.streams to io.appium.java_client.service.local.AppiumDriverLocalService
at sun.reflect.UnsafeFieldAccessorImpl.throwSetIllegalArgumentException(UnsafeFieldAccessorImpl.java:167)
at sun.reflect.UnsafeFieldAccessorImpl.throwSetIllegalArgumentException(UnsafeFieldAccessorImpl.java:171)
at sun.reflect.UnsafeFieldAccessorImpl.ensureObj(UnsafeFieldAccessorImpl.java:58)
at sun.reflect.UnsafeQualifiedObjectFieldAccessorImpl.get(UnsafeQualifiedObjectFieldAccessorImpl.java:38)
at java.lang.reflect.Field.get(Field.java:393)
at com.edu.techfantasy.appiumExample.base.AppiumService.startServer(AppiumService.java:42)
at com.edu.techfantasy.appiumExample.base.BaseScript.init(BaseScript.java:23)
at sun.reflect.NativeMethodAccessorImpl.invoke0(Native Method)
at sun.reflect.NativeMethodAccessorImpl.invoke(NativeMethodAccessorImpl.java:62)
at sun.reflect.DelegatingMethodAccessorImpl.invoke(DelegatingMethodAccessorImpl.java:43)
at java.lang.reflect.Method.invoke(Method.java:498)
at org.testng.internal.MethodInvocationHelper.invokeMethod(MethodInvocationHelper.java:134)
at org.testng.internal.MethodInvocationHelper.invokeMethodConsideringTimeout(MethodInvocationHelper.java:63)
at org.testng.internal.ConfigInvoker.invokeConfigurationMethod(ConfigInvoker.java:348)
at org.testng.internal.ConfigInvoker.invokeConfigurations(ConfigInvoker.java:302)
at org.testng.SuiteRunner.privateRun(SuiteRunner.java:327)
at org.testng.SuiteRunner.run(SuiteRunner.java:286)
at org.testng.SuiteRunnerWorker.runSuite(SuiteRunnerWorker.java:53)
at org.testng.SuiteRunnerWorker.run(SuiteRunnerWorker.java:96)
at org.testng.TestNG.runSuitesSequentially(TestNG.java:1187)
at org.testng.TestNG.runSuitesLocally(TestNG.java:1109)
at org.testng.TestNG.runSuites(TestNG.java:1039)
at org.testng.TestNG.run(TestNG.java:1007)
at org.testng.remote.AbstractRemoteTestNG.run(AbstractRemoteTestNG.java:115)
at org.testng.remote.RemoteTestNG.initAndRun(RemoteTestNG.java:251)
at org.testng.remote.RemoteTestNG.main(RemoteTestNG.java:77)
]]>
    </failure>
  </testcase> <!-- @BeforeSuite init -->
  <testcase name="@BeforeClass launchApplication" time="-1.600584239233E9" classname="com.edu.techfantasy.appiumExample.base.BaseScript">
    <skipped/>
  </testcase> <!-- @BeforeClass launchApplication -->
  <testcase name="settingTestOnData" time="0.001" classname="com.edu.techfantasy.appiumExample.SettingsTest">
    <skipped/>
  </testcase> <!-- settingTestOnData -->
</testsuite> <!-- Default test -->
